<!DOCTYPE html PUBLIC "-//W3C//DTD XHTML 1.1//EN" "http://www.w3.org/TR/xhtml11/DTD/xhtml11.dtd">
<html xmlns="http://www.w3.org/1999/xhtml"><head><title>TestNG Report</title><style type="text/css">table {margin-bottom:10px;border-collapse:collapse;empty-cells:show}th,td {border:1px solid #009;padding:.25em .5em}th {vertical-align:bottom}td {vertical-align:top}table a {font-weight:bold}.stripe td {background-color: #E6EBF9}.num {text-align:right}.passedodd td {background-color: #3F3}.passedeven td {background-color: #0A0}.skippedodd td {background-color: #DDD}.skippedeven td {background-color: #CCC}.failedodd td,.attn {background-color: #F33}.failedeven td,.stripe .attn {background-color: #D00}.stacktrace {white-space:pre;font-family:monospace}.totop {font-size:85%;text-align:center;border-bottom:2px solid #000}</style></head><body><table><tr><th>Test</th><th># Passed</th><th># Skipped</th><th># Failed</th><th>Time (ms)</th><th>Included Groups</th><th>Excluded Groups</th></tr><tr><th colspan="7">My First Suite</th></tr><tr><td><a href="#t0">First Test</a></td><td class="num">0</td><td class="num attn">2</td><td class="num">0</td><td class="num">2,680</td><td>abc</td><td></td></tr></table><table><thead><tr><th>Class</th><th>Method</th><th>Start</th><th>Time (ms)</th></tr></thead><tbody><tr><th colspan="4">My First Suite</th></tr></tbody><tbody id="t0"><tr><th colspan="4">First Test &#8212; failed (configuration methods)</th></tr><tr class="failedeven"><td rowspan="2">SeleniumTesting.Validation</td><td><a href="#m0">Before</a></td><td rowspan="2">1633350682109</td><td rowspan="2">0</td></tr><tr class="failedeven"><td><a href="#m1">Before</a></td></tr><tr><th colspan="4">First Test &#8212; skipped</th></tr><tr class="skippedeven"><td rowspan="2">SeleniumTesting.Validation</td><td><a href="#m2">sel</a></td><td rowspan="1">1633350684696</td><td rowspan="1">9</td></tr><tr class="skippedeven"><td><a href="#m3">sell</a></td><td rowspan="1">1633350684773</td><td rowspan="1">1</td></tr></tbody></table><h2>First Test</h2><h3 id="m0">SeleniumTesting.Validation#Before</h3><table class="result"><tr><th>Exception</th></tr><tr><td><div class="stacktrace">org.openqa.selenium.SessionNotCreatedException: session not created: This version of ChromeDriver only supports Chrome version 92
Current browser version is 94.0.4606.61 with binary path C:\Program Files (x86)\Google\Chrome\Application\chrome.exe
Build info: version: &apos;3.141.59&apos;, revision: &apos;e82be7d358&apos;, time: &apos;2018-11-14T08:17:03&apos;
System info: host: &apos;LAPTOP-49ALIVKJ&apos;, ip: &apos;192.168.29.246&apos;, os.name: &apos;Windows 10&apos;, os.arch: &apos;amd64&apos;, os.version: &apos;10.0&apos;, java.version: &apos;1.8.0_201&apos;
Driver info: driver.version: ChromeDriver
remote stacktrace: Backtrace:
	Ordinal0 [0x009D2A33+2501171]
	Ordinal0 [0x0096D1C1+2085313]
	Ordinal0 [0x00871FA8+1056680]
	Ordinal0 [0x0089020A+1180170]
	Ordinal0 [0x0088C125+1163557]
	Ordinal0 [0x0088997F+1153407]
	Ordinal0 [0x008B999F+1350047]
	Ordinal0 [0x008B960A+1349130]
	Ordinal0 [0x008B551B+1332507]
	Ordinal0 [0x00891D74+1187188]
	Ordinal0 [0x00892BD9+1190873]
	GetHandleVerifier [0x00B4EFE6+1504438]
	GetHandleVerifier [0x00BFDDA5+2220661]
	GetHandleVerifier [0x00A55589+481881]
	GetHandleVerifier [0x00A54639+477961]
	Ordinal0 [0x009728BD+2107581]
	Ordinal0 [0x00976728+2123560]
	Ordinal0 [0x00976862+2123874]
	Ordinal0 [0x0097FA81+2161281]
	BaseThreadInitThunk [0x75B76359+25]
	RtlGetAppContainerNamedObjectPath [0x77358944+228]
	RtlGetAppContainerNamedObjectPath [0x77358914+180]

	at org.openqa.selenium.remote.W3CHandshakeResponse.lambda$errorHandler$0(W3CHandshakeResponse.java:62)
	at org.openqa.selenium.remote.HandshakeResponse.lambda$getResponseFunction$0(HandshakeResponse.java:30)
	at org.openqa.selenium.remote.ProtocolHandshake.lambda$createSession$0(ProtocolHandshake.java:126)
	at java.util.stream.ReferencePipeline$3$1.accept(Unknown Source)
	at java.util.Spliterators$ArraySpliterator.tryAdvance(Unknown Source)
	at java.util.stream.ReferencePipeline.forEachWithCancel(Unknown Source)
	at java.util.stream.AbstractPipeline.copyIntoWithCancel(Unknown Source)
	at java.util.stream.AbstractPipeline.copyInto(Unknown Source)
	at java.util.stream.AbstractPipeline.wrapAndCopyInto(Unknown Source)
	at java.util.stream.FindOps$FindOp.evaluateSequential(Unknown Source)
	at java.util.stream.AbstractPipeline.evaluate(Unknown Source)
	at java.util.stream.ReferencePipeline.findFirst(Unknown Source)
	at org.openqa.selenium.remote.ProtocolHandshake.createSession(ProtocolHandshake.java:128)
	at org.openqa.selenium.remote.ProtocolHandshake.createSession(ProtocolHandshake.java:74)
	at org.openqa.selenium.remote.HttpCommandExecutor.execute(HttpCommandExecutor.java:136)
	at org.openqa.selenium.remote.service.DriverCommandExecutor.execute(DriverCommandExecutor.java:83)
	at org.openqa.selenium.remote.RemoteWebDriver.execute(RemoteWebDriver.java:552)
	at org.openqa.selenium.remote.RemoteWebDriver.startSession(RemoteWebDriver.java:213)
	at org.openqa.selenium.remote.RemoteWebDriver.&lt;init&gt;(RemoteWebDriver.java:131)
	at org.openqa.selenium.chrome.ChromeDriver.&lt;init&gt;(ChromeDriver.java:181)
	at org.openqa.selenium.chrome.ChromeDriver.&lt;init&gt;(ChromeDriver.java:168)
	at org.openqa.selenium.chrome.ChromeDriver.&lt;init&gt;(ChromeDriver.java:123)
	at resources.Base.Initialise(Base.java:21)
	at SeleniumTesting.Validation.Before(Validation.java:31)
	at java.util.concurrent.ThreadPoolExecutor.runWorker(Unknown Source)
	at java.util.concurrent.ThreadPoolExecutor$Worker.run(Unknown Source)
	at java.lang.Thread.run(Unknown Source)
... Removed 16 stack frames</div></td></tr></table><p class="totop"><a href="#summary">back to summary</a></p><h3 id="m1">SeleniumTesting.Validation#Before</h3><table class="result"><tr><th>Exception</th></tr><tr><td><div class="stacktrace">org.openqa.selenium.SessionNotCreatedException: session not created: This version of ChromeDriver only supports Chrome version 92
Current browser version is 94.0.4606.61 with binary path C:\Program Files (x86)\Google\Chrome\Application\chrome.exe
Build info: version: &apos;3.141.59&apos;, revision: &apos;e82be7d358&apos;, time: &apos;2018-11-14T08:17:03&apos;
System info: host: &apos;LAPTOP-49ALIVKJ&apos;, ip: &apos;192.168.29.246&apos;, os.name: &apos;Windows 10&apos;, os.arch: &apos;amd64&apos;, os.version: &apos;10.0&apos;, java.version: &apos;1.8.0_201&apos;
Driver info: driver.version: ChromeDriver
remote stacktrace: Backtrace:
	Ordinal0 [0x009D2A33+2501171]
	Ordinal0 [0x0096D1C1+2085313]
	Ordinal0 [0x00871FA8+1056680]
	Ordinal0 [0x0089020A+1180170]
	Ordinal0 [0x0088C125+1163557]
	Ordinal0 [0x0088997F+1153407]
	Ordinal0 [0x008B999F+1350047]
	Ordinal0 [0x008B960A+1349130]
	Ordinal0 [0x008B551B+1332507]
	Ordinal0 [0x00891D74+1187188]
	Ordinal0 [0x00892BD9+1190873]
	GetHandleVerifier [0x00B4EFE6+1504438]
	GetHandleVerifier [0x00BFDDA5+2220661]
	GetHandleVerifier [0x00A55589+481881]
	GetHandleVerifier [0x00A54639+477961]
	Ordinal0 [0x009728BD+2107581]
	Ordinal0 [0x00976728+2123560]
	Ordinal0 [0x00976862+2123874]
	Ordinal0 [0x0097FA81+2161281]
	BaseThreadInitThunk [0x75B76359+25]
	RtlGetAppContainerNamedObjectPath [0x77358944+228]
	RtlGetAppContainerNamedObjectPath [0x77358914+180]

	at org.openqa.selenium.remote.W3CHandshakeResponse.lambda$errorHandler$0(W3CHandshakeResponse.java:62)
	at org.openqa.selenium.remote.HandshakeResponse.lambda$getResponseFunction$0(HandshakeResponse.java:30)
	at org.openqa.selenium.remote.ProtocolHandshake.lambda$createSession$0(ProtocolHandshake.java:126)
	at java.util.stream.ReferencePipeline$3$1.accept(Unknown Source)
	at java.util.Spliterators$ArraySpliterator.tryAdvance(Unknown Source)
	at java.util.stream.ReferencePipeline.forEachWithCancel(Unknown Source)
	at java.util.stream.AbstractPipeline.copyIntoWithCancel(Unknown Source)
	at java.util.stream.AbstractPipeline.copyInto(Unknown Source)
	at java.util.stream.AbstractPipeline.wrapAndCopyInto(Unknown Source)
	at java.util.stream.FindOps$FindOp.evaluateSequential(Unknown Source)
	at java.util.stream.AbstractPipeline.evaluate(Unknown Source)
	at java.util.stream.ReferencePipeline.findFirst(Unknown Source)
	at org.openqa.selenium.remote.ProtocolHandshake.createSession(ProtocolHandshake.java:128)
	at org.openqa.selenium.remote.ProtocolHandshake.createSession(ProtocolHandshake.java:74)
	at org.openqa.selenium.remote.HttpCommandExecutor.execute(HttpCommandExecutor.java:136)
	at org.openqa.selenium.remote.service.DriverCommandExecutor.execute(DriverCommandExecutor.java:83)
	at org.openqa.selenium.remote.RemoteWebDriver.execute(RemoteWebDriver.java:552)
	at org.openqa.selenium.remote.RemoteWebDriver.startSession(RemoteWebDriver.java:213)
	at org.openqa.selenium.remote.RemoteWebDriver.&lt;init&gt;(RemoteWebDriver.java:131)
	at org.openqa.selenium.chrome.ChromeDriver.&lt;init&gt;(ChromeDriver.java:181)
	at org.openqa.selenium.chrome.ChromeDriver.&lt;init&gt;(ChromeDriver.java:168)
	at org.openqa.selenium.chrome.ChromeDriver.&lt;init&gt;(ChromeDriver.java:123)
	at resources.Base.Initialise(Base.java:21)
	at SeleniumTesting.Validation.Before(Validation.java:31)
	at java.util.concurrent.ThreadPoolExecutor.runWorker(Unknown Source)
	at java.util.concurrent.ThreadPoolExecutor$Worker.run(Unknown Source)
	at java.lang.Thread.run(Unknown Source)
... Removed 16 stack frames</div></td></tr></table><p class="totop"><a href="#summary">back to summary</a></p><h3 id="m2">SeleniumTesting.Validation#sel</h3><table class="result"></table><p class="totop"><a href="#summary">back to summary</a></p><h3 id="m3">SeleniumTesting.Validation#sell</h3><table class="result"></table><p class="totop"><a href="#summary">back to summary</a></p></body></html>